<?xml version="1.0" encoding="UTF-8"?>
<!-- Generated by org.testng.reporters.JUnitXMLReporter -->
<testsuite ignored="0" hostname="SanManu" failures="0" tests="6" name="Default test" time="0.054" errors="0" timestamp="2022-02-26T15:56:36 CST">
  <testcase classname="Testing" name="printtest" time="0.008"/>
  <testcase classname="Testing" name="test1" time="0.003"/>
  <testcase classname="Testing" name="test2" time="0.001"/>
  <testcase classname="Testing" name="test3" time="0.0"/>
  <testcase classname="Testing" name="test4" time="0.001"/>
  <testcase classname="Testing" name="test5" time="0.001"/>
</testsuite> <!-- Default test -->
